-- The C compiler identification is GNU 9.4.0
-- The CXX compiler identification is GNU 9.4.0
-- Check for working C compiler: /usr/bin/cc
-- Check for working C compiler: /usr/bin/cc -- works
-- Detecting C compiler ABI info
-- Detecting C compiler ABI info - done
-- Detecting C compile features
-- Detecting C compile features - done
-- Check for working CXX compiler: /usr/bin/c++
-- Check for working CXX compiler: /usr/bin/c++ -- works
-- Detecting CXX compiler ABI info
-- Detecting CXX compiler ABI info - done
-- Detecting CXX compile features
-- Detecting CXX compile features - done
-- Found ament_cmake: 0.9.11 (/opt/ros/foxy/share/ament_cmake/cmake)
-- Found PythonInterp: /usr/bin/python3 (found suitable version "3.8.10", minimum required is "3") 
-- Using PYTHON_EXECUTABLE: /usr/bin/python3
-- Found rclcpp: 2.4.2 (/opt/ros/foxy/share/rclcpp/cmake)
-- Using all available rosidl_typesupport_c: rosidl_typesupport_fastrtps_c;rosidl_typesupport_introspection_c
-- Found rosidl_adapter: 1.3.0 (/opt/ros/foxy/share/rosidl_adapter/cmake)
-- Found OpenSSL: /usr/lib/x86_64-linux-gnu/libcrypto.so (found version "1.1.1f")  
-- Found FastRTPS: /opt/ros/foxy/include  
-- Using all available rosidl_typesupport_cpp: rosidl_typesupport_fastrtps_cpp;rosidl_typesupport_introspection_cpp
-- Found rmw_implementation_cmake: 1.0.4 (/opt/ros/foxy/share/rmw_implementation_cmake/cmake)
-- Using RMW implementation 'rmw_fastrtps_cpp' as default
-- Looking for pthread.h
-- Looking for pthread.h - found
-- Performing Test CMAKE_HAVE_LIBC_PTHREAD
-- Performing Test CMAKE_HAVE_LIBC_PTHREAD - Failed
-- Looking for pthread_create in pthreads
-- Looking for pthread_create in pthreads - not found
-- Looking for pthread_create in pthread
-- Looking for pthread_create in pthread - found
-- Found Threads: TRUE  
-- Found rclpy: 1.0.12 (/opt/ros/foxy/share/rclpy/cmake)
-- Found geometry_msgs: 2.0.5 (/opt/ros/foxy/share/geometry_msgs/cmake)
-- Found example_interfaces: 0.9.1 (/opt/ros/foxy/share/example_interfaces/cmake)
-- Found tf2: 0.13.14 (/opt/ros/foxy/share/tf2/cmake)
-- Found tf2_ros: 0.13.14 (/opt/ros/foxy/share/tf2_ros/cmake)
-- Found turtlesim: 1.2.6 (/home/atakan/ros2_ws/install/turtlesim/share/turtlesim/cmake)
-- Found sensor_msgs: 2.0.5 (/opt/ros/foxy/share/sensor_msgs/cmake)
-- Found ament_lint_auto: 0.9.8 (/opt/ros/foxy/share/ament_lint_auto/cmake)
-- Added test 'copyright' to check source files copyright and LICENSE
-- Added test 'cppcheck' to perform static code analysis on C / C++ code
-- Configured cppcheck include dirs: /home/atakan/Desktop/Github/ROS2_PathPlanningAlgorithm/Ros2/cpp_pubsub/include
-- Configured cppcheck exclude dirs and/or files: 
-- Added test 'cpplint' to check C / C++ code against the Google style
-- Configured cpplint exclude dirs and/or files: 
-- Added test 'lint_cmake' to check CMake code style
-- Added test 'uncrustify' to check C / C++ code style
-- Configured uncrustify additional arguments: 
-- Added test 'xmllint' to check XML markup files
-- Configuring done
-- Generating done
-- Build files have been written to: /home/atakan/Desktop/Github/ROS2_PathPlanningAlgorithm/build/cpp_pubsub
[35m[1mScanning dependencies of target main[0m
[ 66%] [32mBuilding CXX object CMakeFiles/main.dir/src/astar/main.cpp.o[0m
[ 66%] [32mBuilding CXX object CMakeFiles/main.dir/src/astar/astar.cpp.o[0m
[100%] [32m[1mLinking CXX static library libmain.a[0m
[100%] Built target main
-- Install configuration: ""
-- Installing: /home/atakan/Desktop/Github/ROS2_PathPlanningAlgorithm/install/cpp_pubsub/include/cpp_pubsub
-- Installing: /home/atakan/Desktop/Github/ROS2_PathPlanningAlgorithm/install/cpp_pubsub/include/cpp_pubsub/MazeSolver.h
-- Installing: /home/atakan/Desktop/Github/ROS2_PathPlanningAlgorithm/install/cpp_pubsub/include/cpp_pubsub/astar.h
-- Installing: /home/atakan/Desktop/Github/ROS2_PathPlanningAlgorithm/install/cpp_pubsub/lib/cpp_pubsub/libmain.a
-- Installing: /home/atakan/Desktop/Github/ROS2_PathPlanningAlgorithm/install/cpp_pubsub/share/ament_index/resource_index/package_run_dependencies/cpp_pubsub
-- Installing: /home/atakan/Desktop/Github/ROS2_PathPlanningAlgorithm/install/cpp_pubsub/share/ament_index/resource_index/parent_prefix_path/cpp_pubsub
-- Installing: /home/atakan/Desktop/Github/ROS2_PathPlanningAlgorithm/install/cpp_pubsub/share/cpp_pubsub/environment/ament_prefix_path.sh
-- Installing: /home/atakan/Desktop/Github/ROS2_PathPlanningAlgorithm/install/cpp_pubsub/share/cpp_pubsub/environment/ament_prefix_path.dsv
-- Installing: /home/atakan/Desktop/Github/ROS2_PathPlanningAlgorithm/install/cpp_pubsub/share/cpp_pubsub/environment/path.sh
-- Installing: /home/atakan/Desktop/Github/ROS2_PathPlanningAlgorithm/install/cpp_pubsub/share/cpp_pubsub/environment/path.dsv
-- Installing: /home/atakan/Desktop/Github/ROS2_PathPlanningAlgorithm/install/cpp_pubsub/share/cpp_pubsub/local_setup.bash
-- Installing: /home/atakan/Desktop/Github/ROS2_PathPlanningAlgorithm/install/cpp_pubsub/share/cpp_pubsub/local_setup.sh
-- Installing: /home/atakan/Desktop/Github/ROS2_PathPlanningAlgorithm/install/cpp_pubsub/share/cpp_pubsub/local_setup.zsh
-- Installing: /home/atakan/Desktop/Github/ROS2_PathPlanningAlgorithm/install/cpp_pubsub/share/cpp_pubsub/local_setup.dsv
-- Installing: /home/atakan/Desktop/Github/ROS2_PathPlanningAlgorithm/install/cpp_pubsub/share/cpp_pubsub/package.dsv
-- Installing: /home/atakan/Desktop/Github/ROS2_PathPlanningAlgorithm/install/cpp_pubsub/share/ament_index/resource_index/packages/cpp_pubsub
-- Installing: /home/atakan/Desktop/Github/ROS2_PathPlanningAlgorithm/install/cpp_pubsub/share/cpp_pubsub/cmake/cpp_pubsubConfig.cmake
-- Installing: /home/atakan/Desktop/Github/ROS2_PathPlanningAlgorithm/install/cpp_pubsub/share/cpp_pubsub/cmake/cpp_pubsubConfig-version.cmake
-- Installing: /home/atakan/Desktop/Github/ROS2_PathPlanningAlgorithm/install/cpp_pubsub/share/cpp_pubsub/package.xml
