[0.017s] Invoking command in '/home/atakan/Desktop/Github/ROS2_PathPlanningAlgorithm/build/cpp_pubsub': CMAKE_PREFIX_PATH=${CMAKE_PREFIX_PATH}:/home/atakan/ros2_ws/install/maze_bot:/home/atakan/ros2_ws/install/examples_rclpy_minimal_subscriber:/home/atakan/ros2_ws/install/examples_rclpy_minimal_service:/home/atakan/ros2_ws/install/examples_rclpy_minimal_publisher:/home/atakan/ros2_ws/install/examples_rclpy_minimal_client:/home/atakan/ros2_ws/install/examples_rclpy_minimal_action_server:/home/atakan/ros2_ws/install/examples_rclpy_minimal_action_client:/home/atakan/ros2_ws/install/examples_rclpy_executors:/opt/ros/foxy /usr/bin/cmake /home/atakan/Desktop/Github/ROS2_PathPlanningAlgorithm/Ros2/cpp_pubsub -DCMAKE_INSTALL_PREFIX=/home/atakan/Desktop/Github/ROS2_PathPlanningAlgorithm/install/cpp_pubsub
[0.283s] -- The C compiler identification is GNU 9.4.0
[0.457s] -- The CXX compiler identification is GNU 9.4.0
[0.464s] -- Check for working C compiler: /usr/bin/cc
[0.522s] -- Check for working C compiler: /usr/bin/cc -- works
[0.524s] -- Detecting C compiler ABI info
[0.573s] -- Detecting C compiler ABI info - done
[0.583s] -- Detecting C compile features
[0.583s] -- Detecting C compile features - done
[0.586s] -- Check for working CXX compiler: /usr/bin/c++
[0.644s] -- Check for working CXX compiler: /usr/bin/c++ -- works
[0.645s] -- Detecting CXX compiler ABI info
[0.711s] -- Detecting CXX compiler ABI info - done
[0.725s] -- Detecting CXX compile features
[0.726s] -- Detecting CXX compile features - done
[0.733s] -- Found ament_cmake: 0.9.11 (/opt/ros/foxy/share/ament_cmake/cmake)
[0.776s] -- Found PythonInterp: /usr/bin/python3 (found suitable version "3.8.10", minimum required is "3") 
[0.776s] -- Using PYTHON_EXECUTABLE: /usr/bin/python3
[0.970s] -- Found rclcpp: 2.4.2 (/opt/ros/foxy/share/rclcpp/cmake)
[1.027s] -- Using all available rosidl_typesupport_c: rosidl_typesupport_fastrtps_c;rosidl_typesupport_introspection_c
[1.036s] -- Found rosidl_adapter: 1.3.0 (/opt/ros/foxy/share/rosidl_adapter/cmake)
[1.161s] -- Found OpenSSL: /usr/lib/x86_64-linux-gnu/libcrypto.so (found version "1.1.1f")  
[1.194s] -- Found FastRTPS: /opt/ros/foxy/include  
[1.269s] -- Using all available rosidl_typesupport_cpp: rosidl_typesupport_fastrtps_cpp;rosidl_typesupport_introspection_cpp
[1.332s] -- Found rmw_implementation_cmake: 1.0.4 (/opt/ros/foxy/share/rmw_implementation_cmake/cmake)
[1.335s] -- Using RMW implementation 'rmw_fastrtps_cpp' as default
[1.337s] -- Looking for pthread.h
[1.395s] -- Looking for pthread.h - found
[1.395s] -- Performing Test CMAKE_HAVE_LIBC_PTHREAD
[1.452s] -- Performing Test CMAKE_HAVE_LIBC_PTHREAD - Failed
[1.452s] -- Looking for pthread_create in pthreads
[1.499s] -- Looking for pthread_create in pthreads - not found
[1.499s] -- Looking for pthread_create in pthread
[1.577s] -- Looking for pthread_create in pthread - found
[1.578s] -- Found Threads: TRUE  
[1.734s] -- Found rclpy: 1.0.12 (/opt/ros/foxy/share/rclpy/cmake)
[1.736s] -- Found geometry_msgs: 2.0.5 (/opt/ros/foxy/share/geometry_msgs/cmake)
[1.769s] -- Found example_interfaces: 0.9.1 (/opt/ros/foxy/share/example_interfaces/cmake)
[1.874s] -- Found tf2: 0.13.14 (/opt/ros/foxy/share/tf2/cmake)
[1.887s] -- Found tf2_ros: 0.13.14 (/opt/ros/foxy/share/tf2_ros/cmake)
[2.145s] -- Found turtlesim: 1.2.6 (/home/atakan/ros2_ws/install/turtlesim/share/turtlesim/cmake)
[2.194s] -- Found sensor_msgs: 2.0.5 (/opt/ros/foxy/share/sensor_msgs/cmake)
[2.260s] -- Found ament_lint_auto: 0.9.8 (/opt/ros/foxy/share/ament_lint_auto/cmake)
[2.343s] -- Added test 'copyright' to check source files copyright and LICENSE
[2.345s] -- Added test 'cppcheck' to perform static code analysis on C / C++ code
[2.346s] -- Configured cppcheck include dirs: /home/atakan/Desktop/Github/ROS2_PathPlanningAlgorithm/Ros2/cpp_pubsub/include
[2.346s] -- Configured cppcheck exclude dirs and/or files: 
[2.347s] -- Added test 'cpplint' to check C / C++ code against the Google style
[2.347s] -- Configured cpplint exclude dirs and/or files: 
[2.349s] -- Added test 'lint_cmake' to check CMake code style
[2.351s] -- Added test 'uncrustify' to check C / C++ code style
[2.351s] -- Configured uncrustify additional arguments: 
[2.351s] -- Added test 'xmllint' to check XML markup files
[2.354s] -- Configuring done
[2.361s] -- Generating done
[2.362s] -- Build files have been written to: /home/atakan/Desktop/Github/ROS2_PathPlanningAlgorithm/build/cpp_pubsub
[2.368s] Invoked command in '/home/atakan/Desktop/Github/ROS2_PathPlanningAlgorithm/build/cpp_pubsub' returned '0': CMAKE_PREFIX_PATH=${CMAKE_PREFIX_PATH}:/home/atakan/ros2_ws/install/maze_bot:/home/atakan/ros2_ws/install/examples_rclpy_minimal_subscriber:/home/atakan/ros2_ws/install/examples_rclpy_minimal_service:/home/atakan/ros2_ws/install/examples_rclpy_minimal_publisher:/home/atakan/ros2_ws/install/examples_rclpy_minimal_client:/home/atakan/ros2_ws/install/examples_rclpy_minimal_action_server:/home/atakan/ros2_ws/install/examples_rclpy_minimal_action_client:/home/atakan/ros2_ws/install/examples_rclpy_executors:/opt/ros/foxy /usr/bin/cmake /home/atakan/Desktop/Github/ROS2_PathPlanningAlgorithm/Ros2/cpp_pubsub -DCMAKE_INSTALL_PREFIX=/home/atakan/Desktop/Github/ROS2_PathPlanningAlgorithm/install/cpp_pubsub
[2.371s] Invoking command in '/home/atakan/Desktop/Github/ROS2_PathPlanningAlgorithm/build/cpp_pubsub': CMAKE_PREFIX_PATH=${CMAKE_PREFIX_PATH}:/home/atakan/ros2_ws/install/maze_bot:/home/atakan/ros2_ws/install/examples_rclpy_minimal_subscriber:/home/atakan/ros2_ws/install/examples_rclpy_minimal_service:/home/atakan/ros2_ws/install/examples_rclpy_minimal_publisher:/home/atakan/ros2_ws/install/examples_rclpy_minimal_client:/home/atakan/ros2_ws/install/examples_rclpy_minimal_action_server:/home/atakan/ros2_ws/install/examples_rclpy_minimal_action_client:/home/atakan/ros2_ws/install/examples_rclpy_executors:/opt/ros/foxy /usr/bin/cmake --build /home/atakan/Desktop/Github/ROS2_PathPlanningAlgorithm/build/cpp_pubsub -- -j12 -l12
[2.398s] [35m[1mScanning dependencies of target main[0m
[2.534s] [ 66%] [32mBuilding CXX object CMakeFiles/main.dir/src/astar/main.cpp.o[0m
[2.534s] [ 66%] [32mBuilding CXX object CMakeFiles/main.dir/src/astar/astar.cpp.o[0m
[2.940s] [01m[K/home/atakan/Desktop/Github/ROS2_PathPlanningAlgorithm/Ros2/cpp_pubsub/src/astar/astar.cpp:[m[K In function ‘[01m[Kstd::vector<Node_s*> AStar(Node_s*, Node_s*, std::vector<std::vector<Node_s*> >&)[m[K’:
[2.940s] [01m[K/home/atakan/Desktop/Github/ROS2_PathPlanningAlgorithm/Ros2/cpp_pubsub/src/astar/astar.cpp:49:27:[m[K [01;35m[Kwarning: [m[Kcomparison of integer expressions of different signedness: ‘[01m[Kint[m[K’ and ‘[01m[Kstd::vector<Node_s*>::size_type[m[K’ {aka ‘[01m[Klong unsigned int[m[K’} [[01;35m[K-Wsign-compare[m[K]
[2.940s]    49 |         for (int i = 1; [01;35m[Ki < openList.size()[m[K; i++) {
[2.940s]       |                         [01;35m[K~~^~~~~~~~~~~~~~~~~[m[K
[2.943s] [01m[K/home/atakan/Desktop/Github/ROS2_PathPlanningAlgorithm/Ros2/cpp_pubsub/src/astar/astar.cpp:83:50:[m[K [01;35m[Kwarning: [m[Kcomparison of integer expressions of different signedness: ‘[01m[Kint[m[K’ and ‘[01m[Kstd::vector<Node_s*>::size_type[m[K’ {aka ‘[01m[Klong unsigned int[m[K’} [[01;35m[K-Wsign-compare[m[K]
[2.943s]    83 |         if (currentNode->x > 0 && [01;35m[KcurrentNode->y < grid[0].size() - 1[m[K && !grid[currentNode->x-1][currentNode->y + 1]->obstacle) {
[2.944s]       |                                   [01;35m[K~~~~~~~~~~~~~~~^~~~~~~~~~~~~~~~~~~~[m[K
[2.944s] [01m[K/home/atakan/Desktop/Github/ROS2_PathPlanningAlgorithm/Ros2/cpp_pubsub/src/astar/astar.cpp:86:28:[m[K [01;35m[Kwarning: [m[Kcomparison of integer expressions of different signedness: ‘[01m[Kint[m[K’ and ‘[01m[Kstd::vector<std::vector<Node_s*> >::size_type[m[K’ {aka ‘[01m[Klong unsigned int[m[K’} [[01;35m[K-Wsign-compare[m[K]
[2.944s]    86 |         if ([01;35m[KcurrentNode->x < grid.size() - 1[m[K && !grid[currentNode->x + 1][currentNode->y]->obstacle) {
[2.944s]       |             [01;35m[K~~~~~~~~~~~~~~~^~~~~~~~~~~~~~~~~[m[K
[2.944s] [01m[K/home/atakan/Desktop/Github/ROS2_PathPlanningAlgorithm/Ros2/cpp_pubsub/src/astar/astar.cpp:89:28:[m[K [01;35m[Kwarning: [m[Kcomparison of integer expressions of different signedness: ‘[01m[Kint[m[K’ and ‘[01m[Kstd::vector<std::vector<Node_s*> >::size_type[m[K’ {aka ‘[01m[Klong unsigned int[m[K’} [[01;35m[K-Wsign-compare[m[K]
[2.944s]    89 |         if ([01;35m[KcurrentNode->x < grid.size() - 1[m[K && currentNode->y < grid[0].size() - 1 && !grid[currentNode->x+1][currentNode->y + 1]->obstacle) {
[2.944s]       |             [01;35m[K~~~~~~~~~~~~~~~^~~~~~~~~~~~~~~~~[m[K
[2.944s] [01m[K/home/atakan/Desktop/Github/ROS2_PathPlanningAlgorithm/Ros2/cpp_pubsub/src/astar/astar.cpp:89:64:[m[K [01;35m[Kwarning: [m[Kcomparison of integer expressions of different signedness: ‘[01m[Kint[m[K’ and ‘[01m[Kstd::vector<Node_s*>::size_type[m[K’ {aka ‘[01m[Klong unsigned int[m[K’} [[01;35m[K-Wsign-compare[m[K]
[2.944s]    89 |         if (currentNode->x < grid.size() - 1 && [01;35m[KcurrentNode->y < grid[0].size() - 1[m[K && !grid[currentNode->x+1][currentNode->y + 1]->obstacle) {
[2.944s]       |                                                 [01;35m[K~~~~~~~~~~~~~~~^~~~~~~~~~~~~~~~~~~~[m[K
[2.944s] [01m[K/home/atakan/Desktop/Github/ROS2_PathPlanningAlgorithm/Ros2/cpp_pubsub/src/astar/astar.cpp:94:28:[m[K [01;35m[Kwarning: [m[Kcomparison of integer expressions of different signedness: ‘[01m[Kint[m[K’ and ‘[01m[Kstd::vector<std::vector<Node_s*> >::size_type[m[K’ {aka ‘[01m[Klong unsigned int[m[K’} [[01;35m[K-Wsign-compare[m[K]
[2.944s]    94 |         if ([01;35m[KcurrentNode->x < grid.size() - 1[m[K && currentNode->y > 0 && !grid[currentNode->x+1][currentNode->y - 1]->obstacle) {
[2.944s]       |             [01;35m[K~~~~~~~~~~~~~~~^~~~~~~~~~~~~~~~~[m[K
[2.944s] [01m[K/home/atakan/Desktop/Github/ROS2_PathPlanningAlgorithm/Ros2/cpp_pubsub/src/astar/astar.cpp:101:28:[m[K [01;35m[Kwarning: [m[Kcomparison of integer expressions of different signedness: ‘[01m[Kint[m[K’ and ‘[01m[Kstd::vector<Node_s*>::size_type[m[K’ {aka ‘[01m[Klong unsigned int[m[K’} [[01;35m[K-Wsign-compare[m[K]
[2.944s]   101 |         if ([01;35m[KcurrentNode->y < grid[0].size() - 1[m[K && !grid[currentNode->x][currentNode->y + 1]->obstacle) {
[2.944s]       |             [01;35m[K~~~~~~~~~~~~~~~^~~~~~~~~~~~~~~~~~~~[m[K
[3.665s] In file included from [01m[K/home/atakan/Desktop/Github/ROS2_PathPlanningAlgorithm/Ros2/cpp_pubsub/src/astar/main.cpp:15[m[K:
[3.665s] [01m[K/home/atakan/Desktop/Github/ROS2_PathPlanningAlgorithm/Ros2/cpp_pubsub/include/cpp_pubsub/MazeSolver.h:[m[K In member function ‘[01m[Kvoid MazeSolver::publishData()[m[K’:
[3.665s] [01m[K/home/atakan/Desktop/Github/ROS2_PathPlanningAlgorithm/Ros2/cpp_pubsub/include/cpp_pubsub/MazeSolver.h:158:27:[m[K [01;35m[Kwarning: [m[Kcomparison of integer expressions of different signedness: ‘[01m[Kint[m[K’ and ‘[01m[Kstd::vector<double, std::allocator<double> >::size_type[m[K’ {aka ‘[01m[Klong unsigned int[m[K’} [[01;35m[K-Wsign-compare[m[K]
[3.665s]   158 |         for (int i = 0; [01;35m[Ki < obsx_.data.size()[m[K; i++)
[3.665s]       |                         [01;35m[K~~^~~~~~~~~~~~~~~~~~~[m[K
[3.668s] [01m[K/home/atakan/Desktop/Github/ROS2_PathPlanningAlgorithm/Ros2/cpp_pubsub/include/cpp_pubsub/MazeSolver.h:197:74:[m[K [01;35m[Kwarning: [m[Knarrowing conversion of ‘[01m[Knode->Node_s::x[m[K’ from ‘[01m[Kint[m[K’ to ‘[01m[Kdouble[m[K’ [[01;35m[K-Wnarrowing[m[K]
[3.668s]   197 |         path_array.push_back(std::move(std::vector<double>{[01;35m[Knode->x[m[K, node->y}));
[3.668s]       |                                                            [01;35m[K~~~~~~^[m[K
[3.669s] 
[3.669s] [01m[K/home/atakan/Desktop/Github/ROS2_PathPlanningAlgorithm/Ros2/cpp_pubsub/include/cpp_pubsub/MazeSolver.h:197:74:[m[K [01;35m[Kwarning: [m[Knarrowing conversion of ‘[01m[Knode->Node_s::x[m[K’ from ‘[01m[Kint[m[K’ to ‘[01m[Kdouble[m[K’ [[01;35m[K-Wnarrowing[m[K]
[3.669s] [01m[K/home/atakan/Desktop/Github/ROS2_PathPlanningAlgorithm/Ros2/cpp_pubsub/include/cpp_pubsub/MazeSolver.h:197:83:[m[K [01;35m[Kwarning: [m[Knarrowing conversion of ‘[01m[Knode->Node_s::y[m[K’ from ‘[01m[Kint[m[K’ to ‘[01m[Kdouble[m[K’ [[01;35m[K-Wnarrowing[m[K]
[3.669s]   197 | array.push_back(std::move(std::vector<double>{node->x, [01;35m[Knode->y[m[K}));
[3.669s]       |                                                        [01;35m[K~~~~~~^[m[K
[3.669s] 
[3.669s] [01m[K/home/atakan/Desktop/Github/ROS2_PathPlanningAlgorithm/Ros2/cpp_pubsub/include/cpp_pubsub/MazeSolver.h:197:83:[m[K [01;35m[Kwarning: [m[Knarrowing conversion of ‘[01m[Knode->Node_s::y[m[K’ from ‘[01m[Kint[m[K’ to ‘[01m[Kdouble[m[K’ [[01;35m[K-Wnarrowing[m[K]
[3.679s] [01m[K/home/atakan/Desktop/Github/ROS2_PathPlanningAlgorithm/Ros2/cpp_pubsub/src/astar/main.cpp:[m[K In function ‘[01m[Kvoid signalHandler(int)[m[K’:
[3.679s] [01m[K/home/atakan/Desktop/Github/ROS2_PathPlanningAlgorithm/Ros2/cpp_pubsub/src/astar/main.cpp:20:24:[m[K [01;35m[Kwarning: [m[Kunused parameter ‘[01m[Ksignum[m[K’ [[01;35m[K-Wunused-parameter[m[K]
[3.679s]    20 | void signalHandler([01;35m[Kint signum[m[K)
[3.679s]       |                    [01;35m[K~~~~^~~~~~[m[K
[6.511s] [100%] [32m[1mLinking CXX static library libmain.a[0m
[6.569s] [100%] Built target main
[6.577s] Invoked command in '/home/atakan/Desktop/Github/ROS2_PathPlanningAlgorithm/build/cpp_pubsub' returned '0': CMAKE_PREFIX_PATH=${CMAKE_PREFIX_PATH}:/home/atakan/ros2_ws/install/maze_bot:/home/atakan/ros2_ws/install/examples_rclpy_minimal_subscriber:/home/atakan/ros2_ws/install/examples_rclpy_minimal_service:/home/atakan/ros2_ws/install/examples_rclpy_minimal_publisher:/home/atakan/ros2_ws/install/examples_rclpy_minimal_client:/home/atakan/ros2_ws/install/examples_rclpy_minimal_action_server:/home/atakan/ros2_ws/install/examples_rclpy_minimal_action_client:/home/atakan/ros2_ws/install/examples_rclpy_executors:/opt/ros/foxy /usr/bin/cmake --build /home/atakan/Desktop/Github/ROS2_PathPlanningAlgorithm/build/cpp_pubsub -- -j12 -l12
[6.602s] Invoking command in '/home/atakan/Desktop/Github/ROS2_PathPlanningAlgorithm/build/cpp_pubsub': CMAKE_PREFIX_PATH=${CMAKE_PREFIX_PATH}:/home/atakan/ros2_ws/install/maze_bot:/home/atakan/ros2_ws/install/examples_rclpy_minimal_subscriber:/home/atakan/ros2_ws/install/examples_rclpy_minimal_service:/home/atakan/ros2_ws/install/examples_rclpy_minimal_publisher:/home/atakan/ros2_ws/install/examples_rclpy_minimal_client:/home/atakan/ros2_ws/install/examples_rclpy_minimal_action_server:/home/atakan/ros2_ws/install/examples_rclpy_minimal_action_client:/home/atakan/ros2_ws/install/examples_rclpy_executors:/opt/ros/foxy /usr/bin/cmake --install /home/atakan/Desktop/Github/ROS2_PathPlanningAlgorithm/build/cpp_pubsub
[6.608s] -- Install configuration: ""
[6.609s] -- Installing: /home/atakan/Desktop/Github/ROS2_PathPlanningAlgorithm/install/cpp_pubsub/include/cpp_pubsub
[6.609s] -- Installing: /home/atakan/Desktop/Github/ROS2_PathPlanningAlgorithm/install/cpp_pubsub/include/cpp_pubsub/MazeSolver.h
[6.609s] -- Installing: /home/atakan/Desktop/Github/ROS2_PathPlanningAlgorithm/install/cpp_pubsub/include/cpp_pubsub/astar.h
[6.609s] -- Installing: /home/atakan/Desktop/Github/ROS2_PathPlanningAlgorithm/install/cpp_pubsub/lib/cpp_pubsub/libmain.a
[6.612s] -- Installing: /home/atakan/Desktop/Github/ROS2_PathPlanningAlgorithm/install/cpp_pubsub/share/ament_index/resource_index/package_run_dependencies/cpp_pubsub
[6.612s] -- Installing: /home/atakan/Desktop/Github/ROS2_PathPlanningAlgorithm/install/cpp_pubsub/share/ament_index/resource_index/parent_prefix_path/cpp_pubsub
[6.612s] -- Installing: /home/atakan/Desktop/Github/ROS2_PathPlanningAlgorithm/install/cpp_pubsub/share/cpp_pubsub/environment/ament_prefix_path.sh
[6.612s] -- Installing: /home/atakan/Desktop/Github/ROS2_PathPlanningAlgorithm/install/cpp_pubsub/share/cpp_pubsub/environment/ament_prefix_path.dsv
[6.613s] -- Installing: /home/atakan/Desktop/Github/ROS2_PathPlanningAlgorithm/install/cpp_pubsub/share/cpp_pubsub/environment/path.sh
[6.613s] -- Installing: /home/atakan/Desktop/Github/ROS2_PathPlanningAlgorithm/install/cpp_pubsub/share/cpp_pubsub/environment/path.dsv
[6.613s] -- Installing: /home/atakan/Desktop/Github/ROS2_PathPlanningAlgorithm/install/cpp_pubsub/share/cpp_pubsub/local_setup.bash
[6.613s] -- Installing: /home/atakan/Desktop/Github/ROS2_PathPlanningAlgorithm/install/cpp_pubsub/share/cpp_pubsub/local_setup.sh
[6.613s] -- Installing: /home/atakan/Desktop/Github/ROS2_PathPlanningAlgorithm/install/cpp_pubsub/share/cpp_pubsub/local_setup.zsh
[6.613s] -- Installing: /home/atakan/Desktop/Github/ROS2_PathPlanningAlgorithm/install/cpp_pubsub/share/cpp_pubsub/local_setup.dsv
[6.613s] -- Installing: /home/atakan/Desktop/Github/ROS2_PathPlanningAlgorithm/install/cpp_pubsub/share/cpp_pubsub/package.dsv
[6.613s] -- Installing: /home/atakan/Desktop/Github/ROS2_PathPlanningAlgorithm/install/cpp_pubsub/share/ament_index/resource_index/packages/cpp_pubsub
[6.613s] -- Installing: /home/atakan/Desktop/Github/ROS2_PathPlanningAlgorithm/install/cpp_pubsub/share/cpp_pubsub/cmake/cpp_pubsubConfig.cmake
[6.613s] -- Installing: /home/atakan/Desktop/Github/ROS2_PathPlanningAlgorithm/install/cpp_pubsub/share/cpp_pubsub/cmake/cpp_pubsubConfig-version.cmake
[6.613s] -- Installing: /home/atakan/Desktop/Github/ROS2_PathPlanningAlgorithm/install/cpp_pubsub/share/cpp_pubsub/package.xml
[6.615s] Invoked command in '/home/atakan/Desktop/Github/ROS2_PathPlanningAlgorithm/build/cpp_pubsub' returned '0': CMAKE_PREFIX_PATH=${CMAKE_PREFIX_PATH}:/home/atakan/ros2_ws/install/maze_bot:/home/atakan/ros2_ws/install/examples_rclpy_minimal_subscriber:/home/atakan/ros2_ws/install/examples_rclpy_minimal_service:/home/atakan/ros2_ws/install/examples_rclpy_minimal_publisher:/home/atakan/ros2_ws/install/examples_rclpy_minimal_client:/home/atakan/ros2_ws/install/examples_rclpy_minimal_action_server:/home/atakan/ros2_ws/install/examples_rclpy_minimal_action_client:/home/atakan/ros2_ws/install/examples_rclpy_executors:/opt/ros/foxy /usr/bin/cmake --install /home/atakan/Desktop/Github/ROS2_PathPlanningAlgorithm/build/cpp_pubsub
